<?xml version="1.0" encoding="UTF-8"?>
<testng-results ignored="0" total="1" passed="1" failed="0" skipped="0">
  <reporter-output>
  </reporter-output>
  <suite started-at="2025-02-13T13:35:19 GMT+08:00" name="Default suite" finished-at="2025-02-13T13:35:36 GMT+08:00" duration-ms="17179">
    <groups>
    </groups>
    <test started-at="2025-02-13T13:35:19 GMT+08:00" name="Default test" finished-at="2025-02-13T13:35:36 GMT+08:00" duration-ms="17179">
      <class name="PawTest_Automation.Login">
        <test-method signature="LoginTest()[pri:0, instance:PawTest_Automation.Login@77fbd92c]" started-at="2025-02-13T13:35:19 GMT+08:00" name="LoginTest" finished-at="2025-02-13T13:35:36 GMT+08:00" duration-ms="17113" status="PASS">
          <reporter-output>
          </reporter-output>
        </test-method> <!-- LoginTest -->
      </class> <!-- PawTest_Automation.Login -->
    </test> <!-- Default test -->
  </suite> <!-- Default suite -->
</testng-results>
